<?xml version="1.0" encoding="UTF-8"?>
<!-- Generated by org.testng.reporters.JUnitXMLReporter -->
<testsuite ignored="2" hostname="remote-pc" failures="0" tests="1" name="Test" time="14.551" errors="0" timestamp="18 Apr 2018 02:35:12 GMT">
  <testcase classname="framework.poc.test.TestAUT" name="testLogInOutUser" time="12.417"/>
  <testcase classname="framework.poc.test.TestAUT" name="testLogInOutUsers" time="0.0">
    <ignored/>
  </testcase> <!-- testLogInOutUsers -->
  <testcase classname="framework.poc.test.TestAUT" name="testLaunchDriver" time="0.0">
    <ignored/>
  </testcase> <!-- testLaunchDriver -->
</testsuite> <!-- Test -->
