<?xml version="1.0" encoding="UTF-8"?>
<!-- Generated by org.testng.reporters.JUnitXMLReporter -->
<testsuite ignored="2" hostname="PC0QMY9T" failures="0" tests="1" name="Test" time="15.839" errors="0" timestamp="18 Apr 2018 16:03:01 GMT">
  <testcase classname="framework.poc.test.TestAUT" name="testLogInOutUser" time="13.614"/>
  <testcase classname="framework.poc.test.TestAUT" name="testLogInOutUsers" time="0.0">
    <ignored/>
  </testcase> <!-- testLogInOutUsers -->
  <testcase classname="framework.poc.test.TestAUT" name="testLaunchDriver" time="0.0">
    <ignored/>
  </testcase> <!-- testLaunchDriver -->
</testsuite> <!-- Test -->
