<?xml version="1.0" encoding="UTF-8"?>
<testng-results ignored="0" total="1" passed="1" failed="0" skipped="0">
  <reporter-output>
  </reporter-output>
  <suite started-at="2018-05-01T21:14:01Z" name="Default suite" finished-at="2018-05-01T21:14:17Z" duration-ms="15580">
    <groups>
    </groups>
    <test started-at="2018-05-01T21:14:01Z" name="Default test" finished-at="2018-05-01T21:14:17Z" duration-ms="15580">
      <class name="framework.poc.test.TestAUT">
        <test-method is-config="true" signature="beforeTest()[pri:0, instance:framework.poc.test.TestAUT@4b8ee4de]" started-at="2018-05-01T21:14:01Z" name="beforeTest" finished-at="2018-05-01T21:14:01Z" duration-ms="31" status="PASS">
          <reporter-output>
          </reporter-output>
        </test-method> <!-- beforeTest -->
        <test-method signature="testLogin()[pri:0, instance:framework.poc.test.TestAUT@4b8ee4de]" started-at="2018-05-01T21:14:01Z" name="testLogin" finished-at="2018-05-01T21:14:14Z" duration-ms="13165" status="PASS">
          <reporter-output>
          </reporter-output>
        </test-method> <!-- testLogin -->
        <test-method is-config="true" signature="afterTest()[pri:0, instance:framework.poc.test.TestAUT@4b8ee4de]" started-at="2018-05-01T21:14:14Z" name="afterTest" finished-at="2018-05-01T21:14:17Z" duration-ms="2364" status="PASS">
          <reporter-output>
          </reporter-output>
        </test-method> <!-- afterTest -->
      </class> <!-- framework.poc.test.TestAUT -->
    </test> <!-- Default test -->
  </suite> <!-- Default suite -->
</testng-results>
